<?xml version="1.0" encoding="UTF-8"?>
<!-- Generated by org.testng.reporters.JUnitReportReporter -->
<testsuite hostname="siddhilaxman" failures="0" tests="1" name="testCases.VerifyMultipleCredentialsTest" time="8.339" errors="0" timestamp="2023-12-21T15:57:07 IST" skipped="0">
  <testcase classname="testCases.VerifyMultipleCredentialsTest" name="loginToAppWithMultiCredsTest" time="8.339"/>
  <system-out/>
</testsuite> <!-- testCases.VerifyMultipleCredentialsTest -->
