<?xml version="1.0" encoding="UTF-8"?>
<!-- Generated by org.testng.reporters.JUnitReportReporter -->
<testsuite hostname="siddhilaxman" failures="0" tests="4" name="testCases.Complete_Page_test" time="30.551" errors="0" timestamp="2023-12-09T19:50:40 IST" skipped="0">
  <testcase classname="testCases.Complete_Page_test" name="thankLabelTest" time="7.645"/>
  <system-out>
    <![CDATA[Label for thank you = Thank you for your order!]]>
  </system-out>
  <testcase classname="testCases.Complete_Page_test" name="imgTest" time="7.650"/>
  <system-out>
    <![CDATA[Visibility of img = true]]>
  </system-out>
  <testcase classname="testCases.Complete_Page_test" name="clickOnbackBtnTest" time="7.636"/>
  <system-out>
    <![CDATA[Clicking on back button = https://www.saucedemo.com/inventory.html]]>
  </system-out>
  <testcase classname="testCases.Complete_Page_test" name="compLabelTest" time="7.620"/>
  <system-out>
    <![CDATA[Label for thanking = Your order has been dispatched, and will arrive just as fast as the pony can get there!]]>
  </system-out>
</testsuite> <!-- testCases.Complete_Page_test -->
