<?xml version="1.0" encoding="UTF-8"?>
<!-- Generated by org.testng.reporters.JUnitReportReporter -->
<testsuite hostname="siddhilaxman" failures="0" tests="8" name="testCases.Cart_page_TestCase" time="62.353" errors="0" timestamp="2023-12-09T19:50:40 IST" skipped="0">
  <testcase classname="testCases.Cart_page_TestCase" name="verifydescLabelTest" time="7.220"/>
  <system-out>
    <![CDATA[Labe of description = Description]]>
  </system-out>
  <testcase classname="testCases.Cart_page_TestCase" name="verifycheckoutBtnTest" time="7.287"/>
  <system-out>
    <![CDATA[After clicking on checkour button = https://www.saucedemo.com/checkout-step-one.html]]>
  </system-out>
  <testcase classname="testCases.Cart_page_TestCase" name="verifyQtyLabelTest" time="7.287"/>
  <system-out>
    <![CDATA[Label of quantity = QTY]]>
  </system-out>
  <testcase classname="testCases.Cart_page_TestCase" name="verifyremove3productsTest" time="7.637"/>
  <system-out>
    <![CDATA[Counts after removing products =3]]>
  </system-out>
  <testcase classname="testCases.Cart_page_TestCase" name="verifyYourCartLabelTest" time="7.173"/>
  <system-out>
    <![CDATA[Label of cart = Your Cart]]>
  </system-out>
  <testcase classname="testCases.Cart_page_TestCase" name="LoginToYourCartTest" time="8.294"/>
  <system-out/>
  <testcase classname="testCases.Cart_page_TestCase" name="verifycontinueShoppingBtnTest" time="10.363"/>
  <system-out>
    <![CDATA[After clicking on continue shopping button = https://www.saucedemo.com/inventory.html]]>
  </system-out>
  <testcase classname="testCases.Cart_page_TestCase" name="verifyappLogoTextTest" time="7.092"/>
  <system-out>
    <![CDATA[Label of application logo = Swag Labs]]>
  </system-out>
</testsuite> <!-- testCases.Cart_page_TestCase -->
