<?xml version="1.0" encoding="UTF-8"?>
<!-- Generated by org.testng.reporters.JUnitReportReporter -->
<testsuite hostname="siddhilaxman" failures="0" tests="3" name="testCases.LoginPage_TestCase" time="25.892" errors="0" timestamp="2023-12-21T15:56:42 IST" skipped="0">
  <testcase classname="testCases.LoginPage_TestCase" name="verifyTitileOfApplicationTest" time="6.950"/>
  <system-out/>
  <testcase classname="testCases.LoginPage_TestCase" name="loginToApplicationTest" time="12.571"/>
  <system-out/>
  <testcase classname="testCases.LoginPage_TestCase" name="verifyURLOfApplication" time="6.371"/>
  <system-out/>
</testsuite> <!-- testCases.LoginPage_TestCase -->
