<?xml version="1.0" encoding="UTF-8"?>
<!-- Generated by org.testng.reporters.JUnitReportReporter -->
<testsuite hostname="siddhilaxman" failures="0" tests="1" name="testCases.Inventory_page_2_testcase" time="6.436" errors="0" timestamp="2023-12-11T21:08:54 IST" skipped="0">
  <testcase classname="testCases.Inventory_page_2_testcase" name="verifyproductsLabelTest" time="6.436"/>
  <system-out>
    <![CDATA[Label of Inventory Page = Products]]>
  </system-out>
</testsuite> <!-- testCases.Inventory_page_2_testcase -->
