<?xml version="1.0" encoding="UTF-8"?>
<!-- Generated by org.testng.reporters.JUnitReportReporter -->
<testsuite hostname="siddhilaxman" failures="0" tests="3" name="testCases.Checkout_Page_Test" time="21.847" errors="0" timestamp="2023-12-09T19:50:40 IST" skipped="0">
  <testcase classname="testCases.Checkout_Page_Test" name="verifyTitleofApplicationTest" time="7.224"/>
  <system-out>
    <![CDATA[Tile of check out page = Checkout: Your Information]]>
  </system-out>
  <testcase classname="testCases.Checkout_Page_Test" name="InputInforationTest" time="7.563"/>
  <system-out>
    <![CDATA[Title of Checkout page 2https://www.saucedemo.com/checkout-step-two.html]]>
  </system-out>
  <testcase classname="testCases.Checkout_Page_Test" name="verifyURLOfCheckoutPageTest" time="7.060"/>
  <system-out>
    <![CDATA[URL of checkout page = https://www.saucedemo.com/checkout-step-one.html]]>
  </system-out>
</testsuite> <!-- testCases.Checkout_Page_Test -->
