<?xml version="1.0" encoding="UTF-8"?>
<!-- Generated by org.testng.reporters.JUnitReportReporter -->
<testsuite hostname="siddhilaxman" failures="0" tests="8" name="testCases.CheckOut_Page2_Test" time="60.260" errors="0" timestamp="2023-12-09T19:50:40 IST" skipped="0">
  <testcase classname="testCases.CheckOut_Page2_Test" name="verifyqtyLabelTest" time="7.551"/>
  <system-out>
    <![CDATA[Label for quantity = QTY]]>
  </system-out>
  <testcase classname="testCases.CheckOut_Page2_Test" name="clickOnfinishBtn" time="7.535"/>
  <system-out>
    <![CDATA[URL of complete Page = https://www.saucedemo.com/checkout-complete.html]]>
  </system-out>
  <testcase classname="testCases.CheckOut_Page2_Test" name="priceLabel" time="7.526"/>
  <system-out>
    <![CDATA[Label for price = Price Total]]>
  </system-out>
  <testcase classname="testCases.CheckOut_Page2_Test" name="verifytitleOfCheckoutpage2Test" time="7.553"/>
  <system-out>
    <![CDATA[Label of CheckOutPage2 = Checkout: Overview]]>
  </system-out>
  <testcase classname="testCases.CheckOut_Page2_Test" name="shippingLabel" time="7.510"/>
  <system-out>
    <![CDATA[Label for shipping info = Shipping Information]]>
  </system-out>
  <testcase classname="testCases.CheckOut_Page2_Test" name="paymentLabelTest" time="7.507"/>
  <system-out>
    <![CDATA[Label for payment infor =Payment Information]]>
  </system-out>
  <testcase classname="testCases.CheckOut_Page2_Test" name="descLabelTest" time="7.519"/>
  <system-out>
    <![CDATA[Label for description = Description]]>
  </system-out>
  <testcase classname="testCases.CheckOut_Page2_Test" name="cancelBtnTest" time="7.559"/>
  <system-out>
    <![CDATA[Url for cancel button = https://www.saucedemo.com/inventory.html]]>
  </system-out>
</testsuite> <!-- testCases.CheckOut_Page2_Test -->
