<?xml version="1.0" encoding="UTF-8"?>
<!-- Generated by org.testng.reporters.JUnitReportReporter -->
<testsuite hostname="siddhilaxman" failures="0" tests="3" name="testCases.LoginPage_TestCase" time="26.899" errors="0" timestamp="2023-12-12T20:55:12 IST" skipped="0">
  <testcase classname="testCases.LoginPage_TestCase" name="verifyTitileOfApplicationTest" time="14.616"/>
  <system-out/>
  <testcase classname="testCases.LoginPage_TestCase" name="loginToApplicationTest" time="6.385"/>
  <system-out/>
  <testcase classname="testCases.LoginPage_TestCase" name="verifyURLOfApplication" time="5.898"/>
  <system-out/>
</testsuite> <!-- testCases.LoginPage_TestCase -->
